C51 COMPILER V9.59.0.0   BSP_LED                                                           03/30/2019 14:08:40 PAGE 1   


C51 COMPILER V9.59.0.0, COMPILATION OF MODULE BSP_LED
OBJECT MODULE PLACED IN .\Objects\bsp_led.obj
COMPILER INVOKED BY: E:\MDK\C51\BIN\C51.EXE ..\bsp\bsp_led.c OPTIMIZE(8,SPEED) BROWSE INCDIR(..\bsp;..\lib;..\user) DEBU
                    -G OBJECTEXTEND PRINT(.\Listings\bsp_led.lst) TABS(7) OBJECT(.\Objects\bsp_led.obj)

line level    source

   1          #include "bsp_led.h"
   2          
   3          
   4          
   5          
   6          void Led_Init(void)
   7          {
   8   1             P4CON |= 0X06;
   9   1             P4PH&= ~0X06;
  10   1             P4&= ~0X06;
  11   1      }
  12          
  13          
  14          
  15          
  16          
  17          


MODULE INFORMATION:   STATIC OVERLAYABLE
   CODE SIZE        =     10    ----
   CONSTANT SIZE    =   ----    ----
   XDATA SIZE       =   ----    ----
   PDATA SIZE       =   ----    ----
   DATA SIZE        =   ----    ----
   IDATA SIZE       =   ----    ----
   BIT SIZE         =   ----    ----
END OF MODULE INFORMATION.


C51 COMPILATION COMPLETE.  0 WARNING(S),  0 ERROR(S)
